#options: 3840x2160 fps=50/1 timebase=1/50 bitdepth=8 cabac=1 ref=1 deblock=1:0:0 analyse=0x1:0 me=dia subme=2 psy=1 psy_rd=1.00:0.00 mixed_ref=0 me_range=16 chroma_me=1 trellis=0 8x8dct=0 cqm=0 deadzone=21,11 fast_pskip=1 chroma_qp_offset=0 threads=12 lookahead_threads=4 sliced_threads=0 nr=0 decimate=1 interlaced=0 bluray_compat=0 constrained_intra=0 bframes=3 b_pyramid=2 b_adapt=1 b_bias=0 direct=1 weightb=1 open_gop=0 weightp=2 keyint=250 keyint_min=25 scenecut=40 intra_refresh=0 rc_lookahead=40 rc=abr mbtree=1 bitrate=5000 ratetol=1.0 qcomp=0.60 qpmin=0 qpmax=69 qpstep=4 ip_ratio=1.40 aq=1:1.00
in:0 out:0 type:I dur:2 cpbdur:2 q:37.74 aq:19.61 tex:91465 mv:41766 misc:401 imb:32400 pmb:0 smb:0 d:- ref:;
in:4 out:1 type:P dur:2 cpbdur:2 q:37.89 aq:19.35 tex:21843 mv:13317 misc:4488 imb:5453 pmb:405 smb:26542 d:- ref:0 ;
in:2 out:2 type:B dur:2 cpbdur:2 q:37.89 aq:23.86 tex:1560 mv:4501 misc:3363 imb:182 pmb:662 smb:31556 d:- ref:0 ;
in:1 out:3 type:b dur:2 cpbdur:2 q:37.89 aq:23.25 tex:737 mv:1979 misc:2924 imb:68 pmb:473 smb:31859 d:- ref:0 ;
in:3 out:4 type:b dur:2 cpbdur:2 q:37.89 aq:23.49 tex:502 mv:1126 misc:1868 imb:16 pmb:222 smb:32162 d:- ref:0 ;
in:8 out:5 type:P dur:2 cpbdur:2 q:37.78 aq:20.95 tex:5839 mv:6686 misc:3651 imb:1109 pmb:549 smb:30742 d:- ref:0 ;
in:6 out:6 type:B dur:2 cpbdur:2 q:37.84 aq:23.92 tex:273 mv:721 misc:2190 imb:8 pmb:226 smb:32166 d:- ref:0 ;
in:5 out:7 type:b dur:2 cpbdur:2 q:37.86 aq:23.00 tex:18 mv:25 misc:1309 imb:0 pmb:3 smb:32397 d:- ref:0 ;
in:7 out:8 type:b dur:2 cpbdur:2 q:37.81 aq:25.50 tex:133 mv:974 misc:1741 imb:2 pmb:108 smb:32290 d:- ref:0 ;
in:12 out:9 type:P dur:2 cpbdur:2 q:37.60 aq:22.43 tex:9955 mv:8076 misc:4337 imb:462 pmb:622 smb:31316 d:- ref:0 ;
in:10 out:10 type:B dur:2 cpbdur:2 q:37.69 aq:22.71 tex:789 mv:1730 misc:2161 imb:9 pmb:193 smb:32198 d:- ref:0 ;
in:9 out:11 type:b dur:2 cpbdur:2 q:37.74 aq:26.57 tex:200 mv:454 misc:1602 imb:4 pmb:63 smb:32333 d:- ref:0 ;
in:11 out:12 type:b dur:2 cpbdur:2 q:37.64 aq:23.18 tex:192 mv:269 misc:1571 imb:2 pmb:45 smb:32353 d:- ref:0 ;
in:16 out:13 type:P dur:2 cpbdur:2 q:36.50 aq:20.52 tex:8704 mv:8403 misc:4445 imb:1118 pmb:583 smb:30699 d:- ref:0 ;
in:14 out:14 type:B dur:2 cpbdur:2 q:37.05 aq:23.23 tex:537 mv:1287 misc:1848 imb:8 pmb:134 smb:32258 d:- ref:0 ;
in:13 out:15 type:b dur:2 cpbdur:2 q:37.32 aq:22.27 tex:117 mv:173 misc:1454 imb:6 pmb:19 smb:32375 d:- ref:0 ;
in:15 out:16 type:b dur:2 cpbdur:2 q:36.78 aq:22.07 tex:111 mv:136 misc:1425 imb:1 pmb:20 smb:32379 d:- ref:0 ;
in:20 out:17 type:P dur:2 cpbdur:2 q:29.80 aq:13.90 tex:99548 mv:34081 misc:5603 imb:2973 pmb:1772 smb:27655 d:- ref:0 ;
in:18 out:18 type:B dur:2 cpbdur:2 q:33.15 aq:21.25 tex:5540 mv:10495 misc:4837 imb:145 pmb:1263 smb:30992 d:- ref:0 ;
in:17 out:19 type:b dur:2 cpbdur:2 q:34.83 aq:22.24 tex:743 mv:2379 misc:2150 imb:10 pmb:229 smb:32161 d:- ref:0 ;
in:19 out:20 type:b dur:2 cpbdur:2 q:31.48 aq:20.46 tex:5432 mv:10260 misc:4692 imb:154 pmb:1282 smb:30964 d:- ref:0 ;
in:24 out:21 type:P dur:2 cpbdur:2 q:26.46 aq:10.17 tex:236848 mv:40760 misc:4792 imb:2692 pmb:2412 smb:27296 d:- ref:0 ;
in:22 out:22 type:B dur:2 cpbdur:2 q:28.13 aq:16.91 tex:20398 mv:24043 misc:6575 imb:329 pmb:2175 smb:29896 d:- ref:0 ;
in:21 out:23 type:b dur:2 cpbdur:2 q:28.97 aq:16.78 tex:5512 mv:12977 misc:4703 imb:124 pmb:1256 smb:31020 d:- ref:0 ;
in:23 out:24 type:b dur:2 cpbdur:2 q:27.29 aq:16.94 tex:14331 mv:20553 misc:6020 imb:212 pmb:1863 smb:30325 d:- ref:0 ;
in:28 out:25 type:P dur:2 cpbdur:2 q:24.44 aq:11.12 tex:263346 mv:40845 misc:5409 imb:1635 pmb:3044 smb:27721 d:- ref:0 ;
in:26 out:26 type:B dur:2 cpbdur:2 q:25.45 aq:14.38 tex:27482 mv:27136 misc:6638 imb:204 pmb:2282 smb:29914 d:- ref:0 ;
in:25 out:27 type:b dur:2 cpbdur:2 q:25.95 aq:16.47 tex:13091 mv:18969 misc:5748 imb:134 pmb:1673 smb:30593 d:- ref:0 ;
in:27 out:28 type:b dur:2 cpbdur:2 q:24.94 aq:16.20 tex:14314 mv:16451 misc:5755 imb:111 pmb:1571 smb:30718 d:- ref:0 ;
in:32 out:29 type:P dur:2 cpbdur:2 q:23.87 aq:11.05 tex:134272 mv:22980 misc:5908 imb:634 pmb:2530 smb:29236 d:- ref:0 ;
in:30 out:30 type:B dur:2 cpbdur:2 q:24.15 aq:14.68 tex:10235 mv:8092 misc:5801 imb:16 pmb:1483 smb:30901 d:- ref:0 ;
in:29 out:31 type:b dur:2 cpbdur:2 q:24.30 aq:14.20 tex:6844 mv:9242 misc:5114 imb:41 pmb:1211 smb:31148 d:- ref:0 ;
in:31 out:32 type:b dur:2 cpbdur:2 q:24.01 aq:14.48 tex:1714 mv:1108 misc:2442 imb:3 pmb:218 smb:32179 d:- ref:0 ;
in:36 out:33 type:P dur:2 cpbdur:2 q:24.13 aq:11.03 tex:107828 mv:30411 misc:6513 imb:1368 pmb:2438 smb:28594 d:- ref:0 ;
in:34 out:34 type:B dur:2 cpbdur:2 q:24.00 aq:14.21 tex:17720 mv:13015 misc:6249 imb:52 pmb:1883 smb:30465 d:- ref:0 ;
in:33 out:35 type:b dur:2 cpbdur:2 q:23.94 aq:13.79 tex:3036 mv:2821 misc:2863 imb:11 pmb:373 smb:32016 d:- ref:0 ;
in:35 out:36 type:b dur:2 cpbdur:2 q:24.07 aq:13.93 tex:7096 mv:7503 misc:5105 imb:39 pmb:1212 smb:31149 d:- ref:0 ;
in:40 out:37 type:P dur:2 cpbdur:2 q:24.32 aq:11.56 tex:144559 mv:37449 misc:4656 imb:3337 pmb:1991 smb:27072 d:- ref:0 ;
in:38 out:38 type:B dur:2 cpbdur:2 q:24.23 aq:15.03 tex:63453 mv:36735 misc:7108 imb:496 pmb:3248 smb:28656 d:- ref:0 ;
in:37 out:39 type:b dur:2 cpbdur:2 q:24.18 aq:15.47 tex:36681 mv:31358 misc:7217 imb:235 pmb:2955 smb:29210 d:- ref:0 ;
in:39 out:40 type:b dur:2 cpbdur:2 q:24.27 aq:15.11 tex:21829 mv:24044 misc:6511 imb:264 pmb:2332 smb:29804 d:- ref:0 ;
in:44 out:41 type:P dur:2 cpbdur:2 q:23.88 aq:10.46 tex:123890 mv:29315 misc:5675 imb:1195 pmb:2048 smb:29157 d:- ref:0 ;
in:42 out:42 type:B dur:2 cpbdur:2 q:24.10 aq:14.61 tex:37991 mv:25232 misc:5913 imb:251 pmb:2174 smb:29975 d:- ref:0 ;
in:41 out:43 type:b dur:2 cpbdur:2 q:24.21 aq:15.43 tex:17534 mv:17594 misc:5424 imb:143 pmb:1692 smb:30565 d:- ref:0 ;
in:43 out:44 type:b dur:2 cpbdur:2 q:23.99 aq:16.31 tex:14280 mv:14618 misc:4830 imb:69 pmb:1402 smb:30929 d:- ref:0 ;
in:48 out:45 type:P dur:2 cpbdur:2 q:23.11 aq:5.86 tex:275767 mv:40902 misc:4755 imb:2566 pmb:2526 smb:27308 d:- ref:0 ;
in:46 out:46 type:B dur:2 cpbdur:2 q:23.50 aq:13.22 tex:43406 mv:33143 misc:6739 imb:379 pmb:2846 smb:29175 d:- ref:0 ;
in:45 out:47 type:b dur:2 cpbdur:2 q:23.69 aq:15.03 tex:19105 mv:20558 misc:5569 imb:156 pmb:1875 smb:30369 d:- ref:0 ;
in:47 out:48 type:b dur:2 cpbdur:2 q:23.30 aq:14.36 tex:22734 mv:22842 misc:6504 imb:178 pmb:2304 smb:29918 d:- ref:0 ;
in:52 out:49 type:P dur:2 cpbdur:2 q:22.72 aq:8.65 tex:314779 mv:43389 misc:5048 imb:1609 pmb:3132 smb:27659 d:- ref:0 ;
in:50 out:50 type:B dur:2 cpbdur:2 q:22.91 aq:11.95 tex:77404 mv:34580 misc:6776 imb:238 pmb:3060 smb:29102 d:- ref:0 ;
in:49 out:51 type:b dur:2 cpbdur:2 q:23.01 aq:11.53 tex:3512 mv:2608 misc:4480 imb:31 pmb:958 smb:31411 d:- ref:0 ;
in:51 out:52 type:b dur:2 cpbdur:2 q:22.81 aq:12.45 tex:2678 mv:1859 misc:4199 imb:4 pmb:895 smb:31501 d:- ref:0 ;
in:56 out:53 type:P dur:2 cpbdur:2 q:22.92 aq:10.29 tex:190018 mv:26649 misc:5989 imb:942 pmb:2750 smb:28708 d:- ref:0 ;
in:54 out:54 type:B dur:2 cpbdur:2 q:22.82 aq:13.74 tex:23948 mv:14968 misc:6412 imb:41 pmb:2057 smb:30302 d:- ref:0 ;
in:53 out:55 type:b dur:2 cpbdur:2 q:22.77 aq:14.99 tex:18423 mv:16562 misc:5567 imb:83 pmb:1672 smb:30645 d:- ref:0 ;
in:55 out:56 type:b dur:2 cpbdur:2 q:22.87 aq:13.43 tex:3132 mv:1649 misc:3427 imb:10 pmb:437 smb:31953 d:- ref:0 ;
in:60 out:57 type:P dur:2 cpbdur:2 q:23.13 aq:10.28 tex:124745 mv:22887 misc:6360 imb:928 pmb:2540 smb:28932 d:- ref:0 ;
in:58 out:58 type:B dur:2 cpbdur:2 q:23.03 aq:13.77 tex:17084 mv:9561 misc:5867 imb:28 pmb:1437 smb:30935 d:- ref:0 ;
in:57 out:59 type:b dur:2 cpbdur:2 q:22.97 aq:12.40 tex:3337 mv:2508 misc:3179 imb:9 pmb:411 smb:31980 d:- ref:0 ;
in:59 out:60 type:b dur:2 cpbdur:2 q:23.08 aq:12.59 tex:7303 mv:5380 misc:4541 imb:25 pmb:828 smb:31547 d:- ref:0 ;
in:64 out:61 type:P dur:2 cpbdur:2 q:23.24 aq:10.49 tex:149576 mv:37909 misc:4963 imb:2962 pmb:2121 smb:27317 d:- ref:0 ;
in:62 out:62 type:B dur:2 cpbdur:2 q:23.18 aq:14.18 tex:71266 mv:40044 misc:6738 imb:283 pmb:3332 smb:28785 d:- ref:0 ;
in:61 out:63 type:b dur:2 cpbdur:2 q:23.16 aq:14.22 tex:29990 mv:24009 misc:6665 imb:113 pmb:2415 smb:29872 d:- ref:0 ;
in:63 out:64 type:b dur:2 cpbdur:2 q:23.21 aq:14.73 tex:52411 mv:30544 misc:6245 imb:264 pmb:2601 smb:29535 d:- ref:0 ;
in:68 out:65 type:P dur:2 cpbdur:2 q:23.03 aq:9.77 tex:174376 mv:30145 misc:5799 imb:2210 pmb:1967 smb:28223 d:- ref:0 ;
in:66 out:66 type:B dur:2 cpbdur:2 q:23.13 aq:12.76 tex:45801 mv:29281 misc:6366 imb:268 pmb:2615 smb:29517 d:- ref:0 ;
in:65 out:67 type:b dur:2 cpbdur:2 q:23.19 aq:14.50 tex:25234 mv:26383 misc:6295 imb:298 pmb:2321 smb:29781 d:- ref:0 ;
in:67 out:68 type:b dur:2 cpbdur:2 q:23.08 aq:15.10 tex:18159 mv:15053 misc:5276 imb:52 pmb:1602 smb:30746 d:- ref:0 ;
in:72 out:69 type:P dur:2 cpbdur:2 q:22.70 aq:6.62 tex:206441 mv:38309 misc:5394 imb:2376 pmb:2226 smb:27798 d:- ref:0 ;
in:70 out:70 type:B dur:2 cpbdur:2 q:22.86 aq:13.11 tex:45619 mv:32725 misc:6632 imb:311 pmb:2916 smb:29173 d:- ref:0 ;
in:69 out:71 type:b dur:2 cpbdur:2 q:22.94 aq:13.49 tex:20101 mv:18320 misc:5531 imb:104 pmb:1861 smb:30435 d:- ref:0 ;
in:71 out:72 type:b dur:2 cpbdur:2 q:22.78 aq:12.60 tex:24024 mv:22883 misc:6533 imb:152 pmb:2367 smb:29881 d:- ref:0 ;
in:76 out:73 type:P dur:2 cpbdur:2 q:22.47 aq:7.50 tex:356455 mv:44075 misc:4926 imb:2142 pmb:2866 smb:27392 d:- ref:0 ;
in:74 out:74 type:B dur:2 cpbdur:2 q:22.58 aq:12.94 tex:80996 mv:40657 misc:6883 imb:280 pmb:3358 smb:28762 d:- ref:0 ;
in:73 out:75 type:b dur:2 cpbdur:2 q:22.64 aq:12.49 tex:48828 mv:29692 misc:6280 imb:253 pmb:2555 smb:29592 d:- ref:0 ;
in:75 out:76 type:b dur:2 cpbdur:2 q:22.53 aq:13.04 tex:43837 mv:27137 misc:6506 imb:174 pmb:2493 smb:29733 d:- ref:0 ;
in:80 out:77 type:P dur:2 cpbdur:2 q:22.76 aq:10.34 tex:226999 mv:32681 misc:5512 imb:1211 pmb:2861 smb:28328 d:- ref:0 ;
in:78 out:78 type:B dur:2 cpbdur:2 q:22.62 aq:13.07 tex:44173 mv:25218 misc:6697 imb:116 pmb:2521 smb:29763 d:- ref:0 ;
in:77 out:79 type:b dur:2 cpbdur:2 q:22.54 aq:14.55 tex:25897 mv:21893 misc:6314 imb:129 pmb:2045 smb:30226 d:- ref:0 ;
in:79 out:80 type:b dur:2 cpbdur:2 q:22.69 aq:14.51 tex:12781 mv:10696 misc:5699 imb:43 pmb:1458 smb:30899 d:- ref:0 ;
in:84 out:81 type:P dur:2 cpbdur:2 q:22.84 aq:10.33 tex:150312 mv:23376 misc:6112 imb:1122 pmb:2823 smb:28455 d:- ref:0 ;
in:82 out:82 type:B dur:2 cpbdur:2 q:22.80 aq:12.90 tex:18694 mv:8297 misc:6145 imb:30 pmb:1487 smb:30883 d:- ref:0 ;
in:81 out:83 type:b dur:2 cpbdur:2 q:22.78 aq:14.14 tex:3144 mv:1778 misc:3206 imb:8 pmb:373 smb:32019 d:- ref:0 ;
in:83 out:84 type:b dur:2 cpbdur:2 q:22.82 aq:13.59 tex:7029 mv:4276 misc:4431 imb:16 pmb:790 smb:31594 d:- ref:0 ;
in:88 out:85 type:P dur:2 cpbdur:2 q:22.99 aq:11.38 tex:193818 mv:39539 misc:5291 imb:2541 pmb:2248 smb:27611 d:- ref:0 ;
in:86 out:86 type:B dur:2 cpbdur:2 q:22.91 aq:12.26 tex:50102 mv:31593 misc:7201 imb:240 pmb:2835 smb:29325 d:- ref:0 ;
in:85 out:87 type:b dur:2 cpbdur:2 q:22.88 aq:14.55 tex:19701 mv:17291 misc:6384 imb:69 pmb:1885 smb:30446 d:- ref:0 ;
in:87 out:88 type:b dur:2 cpbdur:2 q:22.95 aq:14.51 tex:47231 mv:32124 misc:6621 imb:238 pmb:2726 smb:29436 d:- ref:0 ;
in:92 out:89 type:P dur:2 cpbdur:2 q:23.16 aq:9.93 tex:150903 mv:35865 misc:5016 imb:3134 pmb:1952 smb:27314 d:- ref:0 ;
in:90 out:90 type:B dur:2 cpbdur:2 q:23.07 aq:13.51 tex:49227 mv:33696 misc:6701 imb:398 pmb:2862 smb:29140 d:- ref:0 ;
in:89 out:91 type:b dur:2 cpbdur:2 q:23.03 aq:14.68 tex:29651 mv:26596 misc:6521 imb:243 pmb:2354 smb:29803 d:- ref:0 ;
in:91 out:92 type:b dur:2 cpbdur:2 q:23.12 aq:14.69 tex:55703 mv:22829 misc:5932 imb:242 pmb:2250 smb:29908 d:- ref:0 ;
in:96 out:93 type:P dur:2 cpbdur:2 q:23.01 aq:6.87 tex:185993 mv:38920 misc:5007 imb:2601 pmb:2098 smb:27701 d:- ref:0 ;
in:94 out:94 type:B dur:2 cpbdur:2 q:23.09 aq:13.57 tex:88634 mv:31470 misc:6272 imb:263 pmb:2808 smb:29329 d:- ref:0 ;
in:93 out:95 type:b dur:2 cpbdur:2 q:23.12 aq:14.26 tex:20987 mv:15930 misc:5323 imb:88 pmb:1610 smb:30702 d:- ref:0 ;
in:95 out:96 type:b dur:2 cpbdur:2 q:23.05 aq:12.75 tex:28752 mv:25442 misc:6574 imb:203 pmb:2486 smb:29711 d:- ref:0 ;
in:100 out:97 type:P dur:2 cpbdur:2 q:22.86 aq:7.15 tex:311348 mv:43432 misc:4876 imb:2519 pmb:2853 smb:27028 d:- ref:0 ;
in:98 out:98 type:B dur:2 cpbdur:2 q:22.94 aq:13.27 tex:67917 mv:36757 misc:6966 imb:355 pmb:3151 smb:28894 d:- ref:0 ;
in:97 out:99 type:b dur:2 cpbdur:2 q:22.97 aq:13.55 tex:21770 mv:25436 misc:6338 imb:220 pmb:2283 smb:29897 d:- ref:0 ;
in:99 out:100 type:b dur:2 cpbdur:2 q:22.90 aq:14.37 tex:38787 mv:25532 misc:6361 imb:163 pmb:2472 smb:29765 d:- ref:0 ;
in:104 out:101 type:P dur:2 cpbdur:2 q:22.94 aq:8.12 tex:277511 mv:38461 misc:5572 imb:1436 pmb:2982 smb:27982 d:- ref:0 ;
in:102 out:102 type:B dur:2 cpbdur:2 q:22.90 aq:11.74 tex:54424 mv:29488 misc:6736 imb:140 pmb:2821 smb:29439 d:- ref:0 ;
in:101 out:103 type:b dur:2 cpbdur:2 q:22.88 aq:14.88 tex:33417 mv:23352 misc:6223 imb:121 pmb:2209 smb:30070 d:- ref:0 ;
in:103 out:104 type:b dur:2 cpbdur:2 q:22.92 aq:14.89 tex:20164 mv:17251 misc:6377 imb:69 pmb:1889 smb:30442 d:- ref:0 ;
in:108 out:105 type:P dur:2 cpbdur:2 q:23.11 aq:9.17 tex:188896 mv:26518 misc:5906 imb:1485 pmb:3018 smb:27897 d:- ref:0 ;
in:106 out:106 type:B dur:2 cpbdur:2 q:23.02 aq:13.61 tex:31114 mv:11243 misc:7019 imb:23 pmb:1990 smb:30387 d:- ref:0 ;
in:105 out:107 type:b dur:2 cpbdur:2 q:22.98 aq:13.79 tex:3383 mv:1976 misc:3785 imb:9 pmb:542 smb:31849 d:- ref:0 ;
in:107 out:108 type:b dur:2 cpbdur:2 q:23.07 aq:13.76 tex:5011 mv:3138 misc:4195 imb:10 pmb:682 smb:31708 d:- ref:0 ;
in:112 out:109 type:P dur:2 cpbdur:2 q:23.27 aq:10.92 tex:133124 mv:36509 misc:6015 imb:1537 pmb:2751 smb:28112 d:- ref:0 ;
in:110 out:110 type:B dur:2 cpbdur:2 q:23.19 aq:13.58 tex:34458 mv:26247 misc:7087 imb:151 pmb:2578 smb:29671 d:- ref:0 ;
in:109 out:111 type:b dur:2 cpbdur:2 q:23.15 aq:14.43 tex:6173 mv:6713 misc:5442 imb:23 pmb:1284 smb:31093 d:- ref:0 ;
in:111 out:112 type:b dur:2 cpbdur:2 q:23.23 aq:15.07 tex:29714 mv:25452 misc:6610 imb:138 pmb:2417 smb:29845 d:- ref:0 ;
in:116 out:113 type:P dur:2 cpbdur:2 q:23.39 aq:9.63 tex:178317 mv:37695 misc:4660 imb:3269 pmb:1946 smb:27185 d:- ref:0 ;
in:114 out:114 type:B dur:2 cpbdur:2 q:23.33 aq:13.60 tex:51207 mv:36272 misc:6913 imb:451 pmb:2982 smb:28967 d:- ref:0 ;
in:113 out:115 type:b dur:2 cpbdur:2 q:23.30 aq:14.20 tex:59166 mv:31686 misc:6404 imb:392 pmb:2747 smb:29261 d:- ref:0 ;
in:115 out:116 type:b dur:2 cpbdur:2 q:23.36 aq:13.82 tex:26236 mv:26091 misc:6121 imb:291 pmb:2268 smb:29841 d:- ref:0 ;
in:120 out:117 type:P dur:2 cpbdur:2 q:23.39 aq:7.17 tex:151107 mv:36505 misc:5324 imb:2102 pmb:2113 smb:28185 d:- ref:0 ;
in:118 out:118 type:B dur:2 cpbdur:2 q:23.39 aq:12.15 tex:69938 mv:29039 misc:6391 imb:318 pmb:2581 smb:29501 d:- ref:0 ;
in:117 out:119 type:b dur:2 cpbdur:2 q:23.39 aq:14.42 tex:21250 mv:16817 misc:5309 imb:128 pmb:1673 smb:30599 d:- ref:0 ;
in:119 out:120 type:b dur:2 cpbdur:2 q:23.39 aq:14.66 tex:24693 mv:21896 misc:6395 imb:159 pmb:2187 smb:30054 d:- ref:0 ;
in:124 out:121 type:P dur:2 cpbdur:2 q:23.19 aq:7.80 tex:256972 mv:42974 misc:4950 imb:2504 pmb:2840 smb:27056 d:- ref:0 ;
in:122 out:122 type:B dur:2 cpbdur:2 q:23.29 aq:12.27 tex:40292 mv:31651 misc:6865 imb:312 pmb:2730 smb:29358 d:- ref:0 ;
in:121 out:123 type:b dur:2 cpbdur:2 q:23.34 aq:13.52 tex:16990 mv:21621 misc:6141 imb:144 pmb:2086 smb:30170 d:- ref:0 ;
in:123 out:124 type:b dur:2 cpbdur:2 q:23.24 aq:14.06 tex:38017 mv:27991 misc:6560 imb:212 pmb:2575 smb:29613 d:- ref:0 ;
in:128 out:125 type:P dur:2 cpbdur:2 q:23.17 aq:9.10 tex:275575 mv:41399 misc:5338 imb:1490 pmb:3020 smb:27890 d:- ref:0 ;
in:126 out:126 type:B dur:2 cpbdur:2 q:23.18 aq:12.59 tex:65216 mv:33476 misc:6436 imb:199 pmb:2961 smb:29240 d:- ref:0 ;
in:125 out:127 type:b dur:2 cpbdur:2 q:23.19 aq:14.03 tex:35103 mv:26754 misc:6175 imb:185 pmb:2201 smb:30014 d:- ref:0 ;
in:127 out:128 type:b dur:2 cpbdur:2 q:23.18 aq:14.98 tex:24957 mv:22024 misc:6387 imb:126 pmb:2048 smb:30226 d:- ref:0 ;
in:132 out:129 type:P dur:2 cpbdur:2 q:23.28 aq:9.36 tex:213083 mv:30846 misc:5519 imb:1771 pmb:2940 smb:27689 d:- ref:0 ;
in:130 out:130 type:B dur:2 cpbdur:2 q:23.23 aq:13.96 tex:40769 mv:17701 misc:7122 imb:39 pmb:2499 smb:29862 d:- ref:0 ;
in:129 out:131 type:b dur:2 cpbdur:2 q:23.20 aq:14.57 tex:9196 mv:9545 misc:5411 imb:35 pmb:1306 smb:31059 d:- ref:0 ;
in:131 out:132 type:b dur:2 cpbdur:2 q:23.26 aq:12.77 tex:4642 mv:2476 misc:4082 imb:8 pmb:629 smb:31763 d:- ref:0 ;
in:136 out:133 type:P dur:2 cpbdur:2 q:23.40 aq:9.87 tex:93413 mv:31025 misc:6386 imb:1150 pmb:2524 smb:28726 d:- ref:0 ;
in:134 out:134 type:B dur:2 cpbdur:2 q:23.34 aq:14.12 tex:17161 mv:13019 misc:6156 imb:64 pmb:1814 smb:30522 d:- ref:0 ;
in:133 out:135 type:b dur:2 cpbdur:2 q:23.31 aq:14.91 tex:3878 mv:3279 misc:3379 imb:4 pmb:504 smb:31892 d:- ref:0 ;
in:135 out:136 type:b dur:2 cpbdur:2 q:23.37 aq:15.21 tex:18059 mv:17247 misc:6030 imb:73 pmb:1852 smb:30475 d:- ref:0 ;
in:140 out:137 type:P dur:2 cpbdur:2 q:23.47 aq:10.90 tex:149183 mv:38316 misc:5173 imb:3243 pmb:1991 smb:27166 d:- ref:0 ;
in:138 out:138 type:B dur:2 cpbdur:2 q:23.43 aq:12.21 tex:72492 mv:40469 misc:7039 imb:466 pmb:3314 smb:28620 d:- ref:0 ;
in:137 out:139 type:b dur:2 cpbdur:2 q:23.42 aq:15.05 tex:39950 mv:28742 misc:6772 imb:210 pmb:2721 smb:29469 d:- ref:0 ;
in:139 out:140 type:b dur:2 cpbdur:2 q:23.45 aq:13.22 tex:27394 mv:27843 misc:6579 imb:268 pmb:2591 smb:29541 d:- ref:0 ;
in:144 out:141 type:P dur:2 cpbdur:2 q:23.51 aq:9.90 tex:177163 mv:33369 misc:5588 imb:2505 pmb:1944 smb:27951 d:- ref:0 ;
in:142 out:142 type:B dur:2 cpbdur:2 q:23.49 aq:13.60 tex:63060 mv:27780 misc:6568 imb:224 pmb:2756 smb:29420 d:- ref:0 ;
in:141 out:143 type:b dur:2 cpbdur:2 q:23.48 aq:14.23 tex:28523 mv:23923 misc:5746 imb:218 pmb:2113 smb:30069 d:- ref:0 ;
in:143 out:144 type:b dur:2 cpbdur:2 q:23.50 aq:14.75 tex:22086 mv:16539 misc:5791 imb:72 pmb:1749 smb:30579 d:- ref:0 ;
in:148 out:145 type:P dur:2 cpbdur:2 q:23.30 aq:6.26 tex:284826 mv:43045 misc:4801 imb:3091 pmb:2600 smb:26709 d:- ref:0 ;
in:146 out:146 type:B dur:2 cpbdur:2 q:23.41 aq:13.03 tex:51006 mv:36004 misc:6982 imb:427 pmb:3049 smb:28924 d:- ref:0 ;
in:145 out:147 type:b dur:2 cpbdur:2 q:23.46 aq:14.32 tex:28739 mv:26447 misc:5950 imb:324 pmb:2267 smb:29809 d:- ref:0 ;
in:147 out:148 type:b dur:2 cpbdur:2 q:23.36 aq:14.39 tex:46332 mv:29989 misc:6599 imb:292 pmb:2729 smb:29379 d:- ref:0 ;
in:152 out:149 type:P dur:2 cpbdur:2 q:23.22 aq:7.14 tex:276659 mv:41494 misc:5319 imb:1841 pmb:2972 smb:27587 d:- ref:0 ;
in:150 out:150 type:B dur:2 cpbdur:2 q:23.26 aq:13.78 tex:59746 mv:32483 misc:6795 imb:168 pmb:3022 smb:29210 d:- ref:0 ;
in:149 out:151 type:b dur:2 cpbdur:2 q:23.28 aq:13.80 tex:37356 mv:25519 misc:6413 imb:187 pmb:2331 smb:29882 d:- ref:0 ;
in:151 out:152 type:b dur:2 cpbdur:2 q:23.24 aq:15.00 tex:25311 mv:20556 misc:6445 imb:151 pmb:1999 smb:30250 d:- ref:0 ;
in:156 out:153 type:P dur:2 cpbdur:2 q:23.35 aq:9.31 tex:236199 mv:34266 misc:5247 imb:2147 pmb:2964 smb:27289 d:- ref:0 ;
in:154 out:154 type:B dur:2 cpbdur:2 q:23.29 aq:13.89 tex:45437 mv:22334 misc:7485 imb:68 pmb:2715 smb:29617 d:- ref:0 ;
in:153 out:155 type:b dur:2 cpbdur:2 q:23.26 aq:14.95 tex:15470 mv:15330 misc:5968 imb:74 pmb:1627 smb:30699 d:- ref:0 ;
in:155 out:156 type:b dur:2 cpbdur:2 q:23.32 aq:12.81 tex:5954 mv:3154 misc:4780 imb:10 pmb:819 smb:31571 d:- ref:0 ;
in:160 out:157 type:P dur:2 cpbdur:2 q:23.49 aq:8.76 tex:77620 mv:24114 misc:6450 imb:623 pmb:2388 smb:29389 d:- ref:0 ;
in:158 out:158 type:B dur:2 cpbdur:2 q:23.42 aq:14.68 tex:17267 mv:12446 misc:6255 imb:42 pmb:1774 smb:30584 d:- ref:0 ;
in:157 out:159 type:b dur:2 cpbdur:2 q:23.39 aq:14.03 tex:3289 mv:2824 misc:3279 imb:14 pmb:436 smb:31950 d:- ref:0 ;
in:159 out:160 type:b dur:2 cpbdur:2 q:23.46 aq:15.69 tex:6817 mv:8017 misc:5198 imb:31 pmb:1252 smb:31117 d:- ref:0 ;
in:164 out:161 type:P dur:2 cpbdur:2 q:23.56 aq:11.00 tex:149967 mv:37385 misc:5216 imb:2970 pmb:2023 smb:27407 d:- ref:0 ;
in:162 out:162 type:B dur:2 cpbdur:2 q:23.53 aq:13.20 tex:63946 mv:38367 misc:6887 imb:315 pmb:3312 smb:28773 d:- ref:0 ;
in:161 out:163 type:b dur:2 cpbdur:2 q:23.51 aq:15.78 tex:23725 mv:23194 misc:6441 imb:139 pmb:2128 smb:30133 d:- ref:0 ;
in:163 out:164 type:b dur:2 cpbdur:2 q:23.55 aq:14.73 tex:56436 mv:31306 misc:6570 imb:382 pmb:2725 smb:29293 d:- ref:0 ;
in:168 out:165 type:P dur:2 cpbdur:2 q:23.62 aq:11.36 tex:175557 mv:32711 misc:5668 imb:2758 pmb:1943 smb:27699 d:- ref:0 ;
in:166 out:166 type:B dur:2 cpbdur:2 q:23.59 aq:13.23 tex:55682 mv:29899 misc:6931 imb:315 pmb:2900 smb:29185 d:- ref:0 ;
in:165 out:167 type:b dur:2 cpbdur:2 q:23.58 aq:13.42 tex:23995 mv:26894 misc:6359 imb:269 pmb:2391 smb:29740 d:- ref:0 ;
in:167 out:168 type:b dur:2 cpbdur:2 q:23.60 aq:15.20 tex:23723 mv:16921 misc:5868 imb:98 pmb:1804 smb:30498 d:- ref:0 ;
in:172 out:169 type:P dur:2 cpbdur:2 q:23.45 aq:7.65 tex:146722 mv:38654 misc:5304 imb:2039 pmb:2339 smb:28022 d:- ref:0 ;
in:170 out:170 type:B dur:2 cpbdur:2 q:23.53 aq:12.83 tex:37262 mv:30802 misc:6192 imb:320 pmb:2575 smb:29505 d:- ref:0 ;
in:169 out:171 type:b dur:2 cpbdur:2 q:23.58 aq:13.42 tex:24327 mv:21580 misc:5565 imb:161 pmb:1920 smb:30319 d:- ref:0 ;
in:171 out:172 type:b dur:2 cpbdur:2 q:23.49 aq:13.90 tex:16643 mv:21230 misc:5991 imb:151 pmb:2019 smb:30230 d:- ref:0 ;
in:176 out:173 type:P dur:2 cpbdur:2 q:23.33 aq:7.18 tex:319256 mv:40706 misc:5286 imb:2308 pmb:2771 smb:27321 d:- ref:0 ;
in:174 out:174 type:B dur:2 cpbdur:2 q:23.39 aq:13.45 tex:68540 mv:36199 misc:6797 imb:294 pmb:3068 smb:29038 d:- ref:0 ;
in:173 out:175 type:b dur:2 cpbdur:2 q:23.42 aq:14.03 tex:37273 mv:27337 misc:6294 imb:231 pmb:2402 smb:29767 d:- ref:0 ;
in:175 out:176 type:b dur:2 cpbdur:2 q:23.36 aq:13.87 tex:28490 mv:23249 misc:6301 imb:123 pmb:2175 smb:30102 d:- ref:0 ;
in:180 out:177 type:P dur:2 cpbdur:2 q:23.46 aq:7.60 tex:277009 mv:37520 misc:5015 imb:2089 pmb:2972 smb:27339 d:- ref:0 ;
in:178 out:178 type:B dur:2 cpbdur:2 q:23.39 aq:13.74 tex:48717 mv:27603 misc:7360 imb:96 pmb:2891 smb:29413 d:- ref:0 ;
in:177 out:179 type:b dur:2 cpbdur:2 q:23.36 aq:15.26 tex:21591 mv:19887 misc:6202 imb:111 pmb:1883 smb:30406 d:- ref:0 ;
in:179 out:180 type:b dur:2 cpbdur:2 q:23.43 aq:14.73 tex:13503 mv:11114 misc:6111 imb:34 pmb:1517 smb:30849 d:- ref:0 ;
in:184 out:181 type:P dur:2 cpbdur:2 q:23.49 aq:11.76 tex:53748 mv:15863 misc:5957 imb:354 pmb:1824 smb:30222 d:- ref:0 ;
in:182 out:182 type:B dur:2 cpbdur:2 q:23.48 aq:14.07 tex:9992 mv:6601 misc:4503 imb:26 pmb:881 smb:31493 d:- ref:0 ;
in:181 out:183 type:b dur:2 cpbdur:2 q:23.47 aq:14.28 tex:2928 mv:1664 misc:2904 imb:9 pmb:317 smb:32074 d:- ref:0 ;
in:183 out:184 type:b dur:2 cpbdur:2 q:23.48 aq:12.58 tex:3475 mv:3142 misc:3039 imb:10 pmb:418 smb:31972 d:- ref:0 ;
in:188 out:185 type:P dur:2 cpbdur:2 q:23.49 aq:11.06 tex:152178 mv:36423 misc:5319 imb:2788 pmb:2018 smb:27594 d:- ref:0 ;
in:186 out:186 type:B dur:2 cpbdur:2 q:23.49 aq:12.36 tex:36096 mv:26827 misc:7157 imb:180 pmb:2618 smb:29602 d:- ref:0 ;
in:185 out:187 type:b dur:2 cpbdur:2 q:23.49 aq:15.67 tex:7515 mv:9634 misc:5667 imb:42 pmb:1555 smb:30803 d:- ref:0 ;
in:187 out:188 type:b dur:2 cpbdur:2 q:23.49 aq:14.70 tex:53689 mv:34109 misc:6906 imb:299 pmb:2975 smb:29126 d:- ref:0 ;
in:192 out:189 type:P dur:2 cpbdur:2 q:23.60 aq:10.84 tex:207792 mv:35802 misc:5150 imb:3243 pmb:1923 smb:27234 d:- ref:0 ;
in:190 out:190 type:B dur:2 cpbdur:2 q:23.54 aq:12.94 tex:46060 mv:33366 misc:7014 imb:372 pmb:2993 smb:29035 d:- ref:0 ;
in:189 out:191 type:b dur:2 cpbdur:2 q:23.52 aq:14.35 tex:22409 mv:23911 misc:6416 imb:195 pmb:2227 smb:29978 d:- ref:0 ;
in:191 out:192 type:b dur:2 cpbdur:2 q:23.57 aq:14.68 tex:26900 mv:24867 misc:6585 imb:280 pmb:2269 smb:29851 d:- ref:0 ;
in:196 out:193 type:P dur:2 cpbdur:2 q:23.46 aq:7.15 tex:138248 mv:37543 misc:5169 imb:1734 pmb:2295 smb:28371 d:- ref:0 ;
in:194 out:194 type:B dur:2 cpbdur:2 q:23.53 aq:13.55 tex:41642 mv:26812 misc:6058 imb:201 pmb:2430 smb:29769 d:- ref:0 ;
in:193 out:195 type:b dur:2 cpbdur:2 q:23.56 aq:13.49 tex:19023 mv:16686 misc:5195 imb:103 pmb:1549 smb:30748 d:- ref:0 ;
in:195 out:196 type:b dur:2 cpbdur:2 q:23.49 aq:13.88 tex:25513 mv:23013 misc:5930 imb:222 pmb:2013 smb:30165 d:- ref:0 ;
in:200 out:197 type:P dur:2 cpbdur:2 q:23.34 aq:9.41 tex:279227 mv:41787 misc:5106 imb:2322 pmb:2724 smb:27354 d:- ref:0 ;
in:198 out:198 type:B dur:2 cpbdur:2 q:23.40 aq:13.47 tex:62597 mv:35658 misc:6865 imb:332 pmb:3144 smb:28924 d:- ref:0 ;
in:197 out:199 type:b dur:2 cpbdur:2 q:23.43 aq:14.44 tex:22297 mv:22238 misc:6073 imb:174 pmb:2093 smb:30133 d:- ref:0 ;
in:199 out:200 type:b dur:2 cpbdur:2 q:23.37 aq:14.18 tex:37442 mv:26921 misc:6301 imb:185 pmb:2442 smb:29773 d:- ref:0 ;
in:204 out:201 type:P dur:2 cpbdur:2 q:23.42 aq:7.69 tex:313562 mv:41548 misc:4890 imb:2238 pmb:2888 smb:27274 d:- ref:0 ;
in:202 out:202 type:B dur:2 cpbdur:2 q:23.38 aq:13.53 tex:66438 mv:31835 misc:7295 imb:172 pmb:3098 smb:29130 d:- ref:0 ;
in:201 out:203 type:b dur:2 cpbdur:2 q:23.36 aq:15.20 tex:33928 mv:23763 misc:6509 imb:164 pmb:2264 smb:29972 d:- ref:0 ;
in:203 out:204 type:b dur:2 cpbdur:2 q:23.40 aq:14.98 tex:27410 mv:20225 misc:6981 imb:98 pmb:2114 smb:30188 d:- ref:0 ;
in:208 out:205 type:P dur:2 cpbdur:2 q:23.46 aq:11.57 tex:84668 mv:17684 misc:6600 imb:344 pmb:2373 smb:29683 d:- ref:0 ;
in:206 out:206 type:B dur:2 cpbdur:2 q:23.44 aq:13.31 tex:11031 mv:6340 misc:5661 imb:14 pmb:1232 smb:31154 d:- ref:0 ;
in:205 out:207 type:b dur:2 cpbdur:2 q:23.43 aq:14.39 tex:2928 mv:1990 misc:3586 imb:10 pmb:474 smb:31916 d:- ref:0 ;
in:207 out:208 type:b dur:2 cpbdur:2 q:23.45 aq:12.50 tex:2980 mv:2227 misc:2769 imb:9 pmb:330 smb:32061 d:- ref:0 ;
in:212 out:209 type:P dur:2 cpbdur:2 q:23.46 aq:11.86 tex:124942 mv:36040 misc:6130 imb:1647 pmb:2624 smb:28129 d:- ref:0 ;
in:210 out:210 type:B dur:2 cpbdur:2 q:23.46 aq:14.28 tex:34436 mv:23205 misc:6903 imb:126 pmb:2417 smb:29857 d:- ref:0 ;
in:209 out:211 type:b dur:2 cpbdur:2 q:23.46 aq:14.75 tex:6023 mv:7169 misc:5168 imb:23 pmb:1155 smb:31222 d:- ref:0 ;
in:211 out:212 type:b dur:2 cpbdur:2 q:23.46 aq:14.71 tex:32306 mv:25086 misc:6544 imb:179 pmb:2314 smb:29907 d:- ref:0 ;
in:216 out:213 type:P dur:2 cpbdur:2 q:23.56 aq:12.03 tex:149582 mv:36686 misc:5036 imb:3792 pmb:1809 smb:26799 d:- ref:0 ;
in:214 out:214 type:B dur:2 cpbdur:2 q:23.51 aq:14.02 tex:67730 mv:38271 misc:7207 imb:451 pmb:3313 smb:28636 d:- ref:0 ;
in:213 out:215 type:b dur:2 cpbdur:2 q:23.48 aq:13.55 tex:56425 mv:33080 misc:6767 imb:395 pmb:2845 smb:29160 d:- ref:0 ;
in:215 out:216 type:b dur:2 cpbdur:2 q:23.53 aq:14.92 tex:30299 mv:27395 misc:6986 imb:279 pmb:2638 smb:29483 d:- ref:0 ;
in:220 out:217 type:P dur:2 cpbdur:2 q:23.48 aq:11.03 tex:62486 mv:30856 misc:6146 imb:1359 pmb:1928 smb:29113 d:- ref:0 ;
in:218 out:218 type:B dur:2 cpbdur:2 q:23.52 aq:13.51 tex:54790 mv:31499 misc:6463 imb:610 pmb:2341 smb:29449 d:- ref:0 ;
in:217 out:219 type:b dur:2 cpbdur:2 q:23.54 aq:14.70 tex:22960 mv:20612 misc:6172 imb:274 pmb:1976 smb:30150 d:- ref:0 ;
in:219 out:220 type:b dur:2 cpbdur:2 q:23.50 aq:14.63 tex:28780 mv:21141 misc:6207 imb:266 pmb:2167 smb:29967 d:- ref:0 ;
